-------------------------------------------------------------------------------
Test set: manager.ProductManagerTest
-------------------------------------------------------------------------------
Tests run: 3, Failures: 1, Errors: 0, Skipped: 0, Time elapsed: 0.124 s <<< FAILURE! - in manager.ProductManagerTest
shouldSearchByBookName  Time elapsed: 0.03 s  <<< FAILURE!
org.opentest4j.AssertionFailedError: array lengths differ, expected: <1> but was: <2>
	at manager.ProductManagerTest.shouldSearchByBookName(ProductManagerTest.java:39)

